2023-03-14 23:47:00,270:INFO:PyCaret Supervised Module
2023-03-14 23:47:00,271:INFO:ML Usecase: classification
2023-03-14 23:47:00,271:INFO:version 2.3.10
2023-03-14 23:47:00,271:INFO:Initializing setup()
2023-03-14 23:47:00,271:INFO:setup(target=poisonous, ml_usecase=classification, available_plots={'parameter': 'Hyperparameters', 'auc': 'AUC', 'confusion_matrix': 'Confusion Matrix', 'threshold': 'Threshold', 'pr': 'Precision Recall', 'error': 'Prediction Error', 'class_report': 'Class Report', 'rfe': 'Feature Selection', 'learning': 'Learning Curve', 'manifold': 'Manifold Learning', 'calibration': 'Calibration Curve', 'vc': 'Validation Curve', 'dimension': 'Dimensions', 'feature': 'Feature Importance', 'feature_all': 'Feature Importance (All)', 'boundary': 'Decision Boundary', 'lift': 'Lift Chart', 'gain': 'Gain Chart', 'tree': 'Decision Tree', 'ks': 'KS Statistic Plot'}, train_size=0.8, test_data=None, preprocess=True, imputation_type=simple, iterative_imputation_iters=5, categorical_features=None, categorical_imputation=constant, categorical_iterative_imputer=lightgbm, ordinal_features=None, high_cardinality_features=None, high_cardinality_method=frequency, numeric_features=None, numeric_imputation=mean, numeric_iterative_imputer=lightgbm, date_features=None, ignore_features=None, normalize=False, normalize_method=zscore, transformation=False, transformation_method=yeo-johnson, handle_unknown_categorical=True, unknown_categorical_method=least_frequent, pca=False, pca_method=linear, pca_components=None, ignore_low_variance=False, combine_rare_levels=False, rare_level_threshold=0.1, bin_numeric_features=None, remove_outliers=False, outliers_threshold=0.05, remove_multicollinearity=False, multicollinearity_threshold=0.9, remove_perfect_collinearity=True, create_clusters=False, cluster_iter=20, polynomial_features=False, polynomial_degree=2, trigonometry_features=False, polynomial_threshold=0.1, group_features=None, group_names=None, feature_selection=False, feature_selection_threshold=0.8, feature_selection_method=classic, feature_interaction=False, feature_ratio=False, interaction_threshold=0.01, fix_imbalance=False, fix_imbalance_method=None, transform_target=False, transform_target_method=box-cox, data_split_shuffle=True, data_split_stratify=False, fold_strategy=stratifiedkfold, fold=10, fold_shuffle=False, fold_groups=None, n_jobs=-1, use_gpu=False, custom_pipeline=None, html=True, session_id=42, log_experiment=False, experiment_name=None, experiment_custom_tags=None, log_plots=False, log_profile=False, log_data=False, silent=False, verbose=True, profile=False, profile_kwargs=None, display=None)
2023-03-14 23:47:00,271:INFO:Checking environment
2023-03-14 23:47:00,271:INFO:python_version: 3.8.1
2023-03-14 23:47:00,271:INFO:python_build: ('default', 'Mar  2 2020 13:06:26')
2023-03-14 23:47:00,271:INFO:machine: AMD64
2023-03-14 23:47:00,271:INFO:platform: Windows-10-10.0.22621-SP0
2023-03-14 23:47:00,274:INFO:Memory: svmem(total=16890646528, available=6894473216, percent=59.2, used=9996173312, free=6894473216)
2023-03-14 23:47:00,274:INFO:Physical Core: 4
2023-03-14 23:47:00,274:INFO:Logical Core: 8
2023-03-14 23:47:00,275:INFO:Checking libraries
2023-03-14 23:47:00,275:INFO:pd==1.5.3
2023-03-14 23:47:00,275:INFO:numpy==1.20.3
2023-03-14 23:47:00,275:INFO:sklearn==0.23.2
2023-03-14 23:47:00,275:INFO:lightgbm==3.3.5
2023-03-14 23:47:00,276:WARNING:catboost not found
2023-03-14 23:47:00,276:WARNING:xgboost not found
2023-03-14 23:47:00,276:INFO:mlflow==2.2.1
2023-03-14 23:47:00,276:INFO:Checking Exceptions
2023-03-14 23:47:00,276:INFO:Declaring global variables
2023-03-14 23:47:00,276:INFO:USI: 2fb7
2023-03-14 23:47:00,276:INFO:pycaret_globals: {'_internal_pipeline', 'target_param', 'transform_target_param', 'gpu_param', 'n_jobs_param', 'transform_target_method_param', 'create_model_container', 'imputation_classifier', 'prep_pipe', 'fold_generator', 'y_train', '_all_metrics', '_available_plots', 'iterative_imputation_iters_param', 'X_test', 'data_before_preprocess', 'display_container', 'fold_groups_param_full', 'fold_shuffle_param', 'fix_imbalance_method_param', 'USI', 'y', 'master_model_container', 'html_param', 'seed', 'X_train', 'fix_imbalance_param', 'fold_param', 'y_test', 'logging_param', 'experiment__', '_gpu_n_jobs_param', '_ml_usecase', 'log_plots_param', 'exp_name_log', '_all_models_internal', 'stratify_param', 'imputation_regressor', 'fold_groups_param', 'pycaret_globals', 'X', '_all_models', 'dashboard_logger'}
2023-03-14 23:47:00,277:INFO:Preparing display monitor
2023-03-14 23:47:00,277:INFO:Preparing display monitor
2023-03-14 23:47:00,284:INFO:Importing libraries
2023-03-14 23:47:00,284:INFO:Copying data for preprocessing
2023-03-14 23:47:00,292:INFO:Declaring preprocessing parameters
2023-03-14 23:47:00,296:INFO:Creating preprocessing pipeline
2023-03-14 23:47:00,325:INFO:Preprocessing pipeline created successfully
2023-03-14 23:47:00,325:ERROR:(Process Exit): setup has been interupted with user command 'quit'. setup must rerun.
2023-03-14 23:47:00,325:INFO:Creating global containers
2023-03-14 23:47:00,327:INFO:Internal pipeline: Pipeline(memory=None, steps=[('empty_step', 'passthrough')], verbose=False)
2023-03-14 23:47:03,788:WARNING:Couldn't import xgboost.XGBClassifier
2023-03-14 23:47:03,789:WARNING:Couldn't import catboost.CatBoostClassifier
2023-03-14 23:47:03,848:WARNING:Couldn't import xgboost.XGBClassifier
2023-03-14 23:47:03,848:WARNING:Couldn't import catboost.CatBoostClassifier
2023-03-14 23:47:03,849:INFO:Creating grid variables
2023-03-14 23:47:03,871:INFO:create_model_container: 0
2023-03-14 23:47:03,871:INFO:master_model_container: 0
2023-03-14 23:47:03,871:INFO:display_container: 1
2023-03-14 23:47:03,875:INFO:Pipeline(memory=None,
         steps=[('dtypes',
                 DataTypes_Auto_infer(categorical_features=[],
                                      display_types=True, features_todrop=[],
                                      id_columns=[],
                                      ml_usecase='classification',
                                      numerical_features=[], target='poisonous',
                                      time_features=[])),
                ('imputer',
                 Simple_Imputer(categorical_strategy='not_available',
                                fill_value_categorical=None,
                                fill_value_numerical=None,
                                numeric_st...
                ('scaling', 'passthrough'), ('P_transform', 'passthrough'),
                ('binn', 'passthrough'), ('rem_outliers', 'passthrough'),
                ('cluster_all', 'passthrough'),
                ('dummy', Dummify(target='poisonous')),
                ('fix_perfect', Remove_100(target='poisonous')),
                ('clean_names', Clean_Colum_Names()),
                ('feature_select', 'passthrough'), ('fix_multi', 'passthrough'),
                ('dfs', 'passthrough'), ('pca', 'passthrough')],
         verbose=False)
2023-03-14 23:47:03,875:INFO:setup() succesfully completed......................................
2023-03-14 23:47:03,998:INFO:Initializing compare_models()
2023-03-14 23:47:03,998:INFO:compare_models(include=None, fold=None, round=4, cross_validation=True, sort=Accuracy, n_select=1, budget_time=None, turbo=True, errors=ignore, fit_kwargs=None, groups=None, experiment_custom_tags=None, probability_threshold=None, verbose=True, display=None, exclude=None)
2023-03-14 23:47:03,998:INFO:Checking exceptions
2023-03-14 23:47:03,999:INFO:Preparing display monitor
2023-03-14 23:47:03,999:INFO:Preparing display monitor
2023-03-14 23:47:04,019:INFO:Initializing Logistic Regression
2023-03-14 23:47:04,019:INFO:Total runtime is 0.0 minutes
2023-03-14 23:47:04,027:INFO:SubProcess create_model() called ==================================
2023-03-14 23:47:04,027:INFO:Initializing create_model()
2023-03-14 23:47:04,027:INFO:create_model(estimator=lr, fold=StratifiedKFold(n_splits=10, random_state=None, shuffle=False), round=4, cross_validation=True, predict=True, fit_kwargs={}, groups=None, refit=False, verbose=False, system=False, metrics=None, experiment_custom_tags=None, add_to_model_list=True, probability_threshold=None, display=<pycaret.internal.Display.Display object at 0x00000224928E49D0>, return_train_score=False, kwargs={})
2023-03-14 23:47:04,028:INFO:Checking exceptions
2023-03-14 23:47:04,028:INFO:Importing libraries
2023-03-14 23:47:04,028:INFO:Copying training dataset
2023-03-14 23:47:04,029:INFO:Defining folds
2023-03-14 23:47:04,030:INFO:Declaring metric variables
2023-03-14 23:47:04,038:INFO:Importing untrained model
2023-03-14 23:47:04,048:INFO:Logistic Regression Imported succesfully
2023-03-14 23:47:04,061:INFO:Starting cross validation
2023-03-14 23:47:04,062:INFO:Cross validating with StratifiedKFold(n_splits=10, random_state=None, shuffle=False), n_jobs=-1
2023-03-14 23:47:09,447:INFO:Calculating mean and std
2023-03-14 23:47:09,451:INFO:Creating metrics dataframe
2023-03-14 23:47:09,460:INFO:Uploading results into container
2023-03-14 23:47:09,460:INFO:Uploading model into container now
2023-03-14 23:47:09,460:INFO:create_model_container: 1
2023-03-14 23:47:09,460:INFO:master_model_container: 1
2023-03-14 23:47:09,461:INFO:display_container: 2
2023-03-14 23:47:09,461:INFO:LogisticRegression(C=1.0, class_weight=None, dual=False, fit_intercept=True,
                   intercept_scaling=1, l1_ratio=None, max_iter=1000,
                   multi_class='auto', n_jobs=None, penalty='l2',
                   random_state=42, solver='lbfgs', tol=0.0001, verbose=0,
                   warm_start=False)
2023-03-14 23:47:09,461:INFO:create_model() succesfully completed......................................
2023-03-14 23:47:09,587:INFO:SubProcess create_model() end ==================================
2023-03-14 23:47:09,587:INFO:Creating metrics dataframe
2023-03-14 23:47:09,596:INFO:Initializing K Neighbors Classifier
2023-03-14 23:47:09,596:INFO:Total runtime is 0.09295097986857097 minutes
2023-03-14 23:47:09,604:INFO:SubProcess create_model() called ==================================
2023-03-14 23:47:09,604:INFO:Initializing create_model()
2023-03-14 23:47:09,604:INFO:create_model(estimator=knn, fold=StratifiedKFold(n_splits=10, random_state=None, shuffle=False), round=4, cross_validation=True, predict=True, fit_kwargs={}, groups=None, refit=False, verbose=False, system=False, metrics=None, experiment_custom_tags=None, add_to_model_list=True, probability_threshold=None, display=<pycaret.internal.Display.Display object at 0x00000224928E49D0>, return_train_score=False, kwargs={})
2023-03-14 23:47:09,604:INFO:Checking exceptions
2023-03-14 23:47:09,604:INFO:Importing libraries
2023-03-14 23:47:09,604:INFO:Copying training dataset
2023-03-14 23:47:09,606:INFO:Defining folds
2023-03-14 23:47:09,606:INFO:Declaring metric variables
2023-03-14 23:47:09,614:INFO:Importing untrained model
2023-03-14 23:47:09,621:INFO:K Neighbors Classifier Imported succesfully
2023-03-14 23:47:09,636:INFO:Starting cross validation
2023-03-14 23:47:09,637:INFO:Cross validating with StratifiedKFold(n_splits=10, random_state=None, shuffle=False), n_jobs=-1
2023-03-14 23:47:11,954:INFO:Calculating mean and std
2023-03-14 23:47:11,956:INFO:Creating metrics dataframe
2023-03-14 23:47:11,966:INFO:Uploading results into container
2023-03-14 23:47:11,966:INFO:Uploading model into container now
2023-03-14 23:47:11,967:INFO:create_model_container: 2
2023-03-14 23:47:11,967:INFO:master_model_container: 2
2023-03-14 23:47:11,967:INFO:display_container: 2
2023-03-14 23:47:11,969:INFO:KNeighborsClassifier(algorithm='auto', leaf_size=30, metric='minkowski',
                     metric_params=None, n_jobs=-1, n_neighbors=5, p=2,
                     weights='uniform')
2023-03-14 23:47:11,969:INFO:create_model() succesfully completed......................................
2023-03-14 23:47:12,148:INFO:SubProcess create_model() end ==================================
2023-03-14 23:47:12,148:INFO:Creating metrics dataframe
2023-03-14 23:47:12,156:INFO:Initializing Naive Bayes
2023-03-14 23:47:12,156:INFO:Total runtime is 0.1356134573618571 minutes
2023-03-14 23:47:12,169:INFO:SubProcess create_model() called ==================================
2023-03-14 23:47:12,170:INFO:Initializing create_model()
2023-03-14 23:47:12,170:INFO:create_model(estimator=nb, fold=StratifiedKFold(n_splits=10, random_state=None, shuffle=False), round=4, cross_validation=True, predict=True, fit_kwargs={}, groups=None, refit=False, verbose=False, system=False, metrics=None, experiment_custom_tags=None, add_to_model_list=True, probability_threshold=None, display=<pycaret.internal.Display.Display object at 0x00000224928E49D0>, return_train_score=False, kwargs={})
2023-03-14 23:47:12,170:INFO:Checking exceptions
2023-03-14 23:47:12,170:INFO:Importing libraries
2023-03-14 23:47:12,170:INFO:Copying training dataset
2023-03-14 23:47:12,172:INFO:Defining folds
2023-03-14 23:47:12,172:INFO:Declaring metric variables
2023-03-14 23:47:12,184:INFO:Importing untrained model
2023-03-14 23:47:12,195:INFO:Naive Bayes Imported succesfully
2023-03-14 23:47:12,217:INFO:Starting cross validation
2023-03-14 23:47:12,218:INFO:Cross validating with StratifiedKFold(n_splits=10, random_state=None, shuffle=False), n_jobs=-1
2023-03-14 23:47:12,424:INFO:Calculating mean and std
2023-03-14 23:47:12,426:INFO:Creating metrics dataframe
2023-03-14 23:47:12,435:INFO:Uploading results into container
2023-03-14 23:47:12,436:INFO:Uploading model into container now
2023-03-14 23:47:12,436:INFO:create_model_container: 3
2023-03-14 23:47:12,436:INFO:master_model_container: 3
2023-03-14 23:47:12,436:INFO:display_container: 2
2023-03-14 23:47:12,437:INFO:GaussianNB(priors=None, var_smoothing=1e-09)
2023-03-14 23:47:12,437:INFO:create_model() succesfully completed......................................
2023-03-14 23:47:12,575:INFO:SubProcess create_model() end ==================================
2023-03-14 23:47:12,575:INFO:Creating metrics dataframe
2023-03-14 23:47:12,584:INFO:Initializing Decision Tree Classifier
2023-03-14 23:47:12,584:INFO:Total runtime is 0.14275724490483602 minutes
2023-03-14 23:47:12,595:INFO:SubProcess create_model() called ==================================
2023-03-14 23:47:12,595:INFO:Initializing create_model()
2023-03-14 23:47:12,595:INFO:create_model(estimator=dt, fold=StratifiedKFold(n_splits=10, random_state=None, shuffle=False), round=4, cross_validation=True, predict=True, fit_kwargs={}, groups=None, refit=False, verbose=False, system=False, metrics=None, experiment_custom_tags=None, add_to_model_list=True, probability_threshold=None, display=<pycaret.internal.Display.Display object at 0x00000224928E49D0>, return_train_score=False, kwargs={})
2023-03-14 23:47:12,595:INFO:Checking exceptions
2023-03-14 23:47:12,595:INFO:Importing libraries
2023-03-14 23:47:12,595:INFO:Copying training dataset
2023-03-14 23:47:12,596:INFO:Defining folds
2023-03-14 23:47:12,596:INFO:Declaring metric variables
2023-03-14 23:47:12,604:INFO:Importing untrained model
2023-03-14 23:47:12,612:INFO:Decision Tree Classifier Imported succesfully
2023-03-14 23:47:12,630:INFO:Starting cross validation
2023-03-14 23:47:12,630:INFO:Cross validating with StratifiedKFold(n_splits=10, random_state=None, shuffle=False), n_jobs=-1
2023-03-14 23:47:12,843:INFO:Calculating mean and std
2023-03-14 23:47:12,844:INFO:Creating metrics dataframe
2023-03-14 23:47:12,855:INFO:Uploading results into container
2023-03-14 23:47:12,855:INFO:Uploading model into container now
2023-03-14 23:47:12,856:INFO:create_model_container: 4
2023-03-14 23:47:12,856:INFO:master_model_container: 4
2023-03-14 23:47:12,856:INFO:display_container: 2
2023-03-14 23:47:12,857:INFO:DecisionTreeClassifier(ccp_alpha=0.0, class_weight=None, criterion='gini',
                       max_depth=None, max_features=None, max_leaf_nodes=None,
                       min_impurity_decrease=0.0, min_impurity_split=None,
                       min_samples_leaf=1, min_samples_split=2,
                       min_weight_fraction_leaf=0.0, presort='deprecated',
                       random_state=42, splitter='best')
2023-03-14 23:47:12,858:INFO:create_model() succesfully completed......................................
2023-03-14 23:47:12,976:INFO:SubProcess create_model() end ==================================
2023-03-14 23:47:12,977:INFO:Creating metrics dataframe
2023-03-14 23:47:12,988:INFO:Initializing SVM - Linear Kernel
2023-03-14 23:47:12,988:INFO:Total runtime is 0.1494773785273234 minutes
2023-03-14 23:47:12,997:INFO:SubProcess create_model() called ==================================
2023-03-14 23:47:12,997:INFO:Initializing create_model()
2023-03-14 23:47:12,997:INFO:create_model(estimator=svm, fold=StratifiedKFold(n_splits=10, random_state=None, shuffle=False), round=4, cross_validation=True, predict=True, fit_kwargs={}, groups=None, refit=False, verbose=False, system=False, metrics=None, experiment_custom_tags=None, add_to_model_list=True, probability_threshold=None, display=<pycaret.internal.Display.Display object at 0x00000224928E49D0>, return_train_score=False, kwargs={})
2023-03-14 23:47:12,997:INFO:Checking exceptions
2023-03-14 23:47:12,998:INFO:Importing libraries
2023-03-14 23:47:12,998:INFO:Copying training dataset
2023-03-14 23:47:12,999:INFO:Defining folds
2023-03-14 23:47:12,999:INFO:Declaring metric variables
2023-03-14 23:47:13,006:INFO:Importing untrained model
2023-03-14 23:47:13,014:INFO:SVM - Linear Kernel Imported succesfully
2023-03-14 23:47:13,030:INFO:Starting cross validation
2023-03-14 23:47:13,031:INFO:Cross validating with StratifiedKFold(n_splits=10, random_state=None, shuffle=False), n_jobs=-1
2023-03-14 23:47:13,250:INFO:Calculating mean and std
2023-03-14 23:47:13,252:INFO:Creating metrics dataframe
2023-03-14 23:47:13,265:INFO:Uploading results into container
2023-03-14 23:47:13,265:INFO:Uploading model into container now
2023-03-14 23:47:13,265:INFO:create_model_container: 5
2023-03-14 23:47:13,265:INFO:master_model_container: 5
2023-03-14 23:47:13,266:INFO:display_container: 2
2023-03-14 23:47:13,267:INFO:SGDClassifier(alpha=0.0001, average=False, class_weight=None,
              early_stopping=False, epsilon=0.1, eta0=0.001, fit_intercept=True,
              l1_ratio=0.15, learning_rate='optimal', loss='hinge',
              max_iter=1000, n_iter_no_change=5, n_jobs=-1, penalty='l2',
              power_t=0.5, random_state=42, shuffle=True, tol=0.001,
              validation_fraction=0.1, verbose=0, warm_start=False)
2023-03-14 23:47:13,267:INFO:create_model() succesfully completed......................................
2023-03-14 23:47:13,383:INFO:SubProcess create_model() end ==================================
2023-03-14 23:47:13,383:INFO:Creating metrics dataframe
2023-03-14 23:47:13,394:INFO:Initializing Ridge Classifier
2023-03-14 23:47:13,395:INFO:Total runtime is 0.15626649061838785 minutes
2023-03-14 23:47:13,402:INFO:SubProcess create_model() called ==================================
2023-03-14 23:47:13,403:INFO:Initializing create_model()
2023-03-14 23:47:13,403:INFO:create_model(estimator=ridge, fold=StratifiedKFold(n_splits=10, random_state=None, shuffle=False), round=4, cross_validation=True, predict=True, fit_kwargs={}, groups=None, refit=False, verbose=False, system=False, metrics=None, experiment_custom_tags=None, add_to_model_list=True, probability_threshold=None, display=<pycaret.internal.Display.Display object at 0x00000224928E49D0>, return_train_score=False, kwargs={})
2023-03-14 23:47:13,403:INFO:Checking exceptions
2023-03-14 23:47:13,403:INFO:Importing libraries
2023-03-14 23:47:13,403:INFO:Copying training dataset
2023-03-14 23:47:13,405:INFO:Defining folds
2023-03-14 23:47:13,405:INFO:Declaring metric variables
2023-03-14 23:47:13,412:INFO:Importing untrained model
2023-03-14 23:47:13,418:INFO:Ridge Classifier Imported succesfully
2023-03-14 23:47:13,433:INFO:Starting cross validation
2023-03-14 23:47:13,434:INFO:Cross validating with StratifiedKFold(n_splits=10, random_state=None, shuffle=False), n_jobs=-1
2023-03-14 23:47:13,639:INFO:Calculating mean and std
2023-03-14 23:47:13,641:INFO:Creating metrics dataframe
2023-03-14 23:47:13,652:INFO:Uploading results into container
2023-03-14 23:47:13,653:INFO:Uploading model into container now
2023-03-14 23:47:13,653:INFO:create_model_container: 6
2023-03-14 23:47:13,653:INFO:master_model_container: 6
2023-03-14 23:47:13,653:INFO:display_container: 2
2023-03-14 23:47:13,654:INFO:RidgeClassifier(alpha=1.0, class_weight=None, copy_X=True, fit_intercept=True,
                max_iter=None, normalize=False, random_state=42, solver='auto',
                tol=0.001)
2023-03-14 23:47:13,654:INFO:create_model() succesfully completed......................................
2023-03-14 23:47:13,770:INFO:SubProcess create_model() end ==================================
2023-03-14 23:47:13,770:INFO:Creating metrics dataframe
2023-03-14 23:47:13,781:INFO:Initializing Random Forest Classifier
2023-03-14 23:47:13,781:INFO:Total runtime is 0.1626959760983785 minutes
2023-03-14 23:47:13,788:INFO:SubProcess create_model() called ==================================
2023-03-14 23:47:13,789:INFO:Initializing create_model()
2023-03-14 23:47:13,789:INFO:create_model(estimator=rf, fold=StratifiedKFold(n_splits=10, random_state=None, shuffle=False), round=4, cross_validation=True, predict=True, fit_kwargs={}, groups=None, refit=False, verbose=False, system=False, metrics=None, experiment_custom_tags=None, add_to_model_list=True, probability_threshold=None, display=<pycaret.internal.Display.Display object at 0x00000224928E49D0>, return_train_score=False, kwargs={})
2023-03-14 23:47:13,789:INFO:Checking exceptions
2023-03-14 23:47:13,789:INFO:Importing libraries
2023-03-14 23:47:13,789:INFO:Copying training dataset
2023-03-14 23:47:13,790:INFO:Defining folds
2023-03-14 23:47:13,791:INFO:Declaring metric variables
2023-03-14 23:47:13,799:INFO:Importing untrained model
2023-03-14 23:47:13,806:INFO:Random Forest Classifier Imported succesfully
2023-03-14 23:47:13,860:INFO:Starting cross validation
2023-03-14 23:47:13,860:INFO:Cross validating with StratifiedKFold(n_splits=10, random_state=None, shuffle=False), n_jobs=-1
2023-03-14 23:47:14,914:INFO:Calculating mean and std
2023-03-14 23:47:14,916:INFO:Creating metrics dataframe
2023-03-14 23:47:14,927:INFO:Uploading results into container
2023-03-14 23:47:14,928:INFO:Uploading model into container now
2023-03-14 23:47:14,928:INFO:create_model_container: 7
2023-03-14 23:47:14,928:INFO:master_model_container: 7
2023-03-14 23:47:14,929:INFO:display_container: 2
2023-03-14 23:47:14,930:INFO:RandomForestClassifier(bootstrap=True, ccp_alpha=0.0, class_weight=None,
                       criterion='gini', max_depth=None, max_features='auto',
                       max_leaf_nodes=None, max_samples=None,
                       min_impurity_decrease=0.0, min_impurity_split=None,
                       min_samples_leaf=1, min_samples_split=2,
                       min_weight_fraction_leaf=0.0, n_estimators=100,
                       n_jobs=-1, oob_score=False, random_state=42, verbose=0,
                       warm_start=False)
2023-03-14 23:47:14,931:INFO:create_model() succesfully completed......................................
2023-03-14 23:47:15,070:INFO:SubProcess create_model() end ==================================
2023-03-14 23:47:15,070:INFO:Creating metrics dataframe
2023-03-14 23:47:15,080:INFO:Initializing Quadratic Discriminant Analysis
2023-03-14 23:47:15,080:INFO:Total runtime is 0.18435438871383666 minutes
2023-03-14 23:47:15,089:INFO:SubProcess create_model() called ==================================
2023-03-14 23:47:15,089:INFO:Initializing create_model()
2023-03-14 23:47:15,090:INFO:create_model(estimator=qda, fold=StratifiedKFold(n_splits=10, random_state=None, shuffle=False), round=4, cross_validation=True, predict=True, fit_kwargs={}, groups=None, refit=False, verbose=False, system=False, metrics=None, experiment_custom_tags=None, add_to_model_list=True, probability_threshold=None, display=<pycaret.internal.Display.Display object at 0x00000224928E49D0>, return_train_score=False, kwargs={})
2023-03-14 23:47:15,090:INFO:Checking exceptions
2023-03-14 23:47:15,090:INFO:Importing libraries
2023-03-14 23:47:15,090:INFO:Copying training dataset
2023-03-14 23:47:15,091:INFO:Defining folds
2023-03-14 23:47:15,092:INFO:Declaring metric variables
2023-03-14 23:47:15,098:INFO:Importing untrained model
2023-03-14 23:47:15,104:INFO:Quadratic Discriminant Analysis Imported succesfully
2023-03-14 23:47:15,119:INFO:Starting cross validation
2023-03-14 23:47:15,119:INFO:Cross validating with StratifiedKFold(n_splits=10, random_state=None, shuffle=False), n_jobs=-1
2023-03-14 23:47:15,557:INFO:Calculating mean and std
2023-03-14 23:47:15,558:INFO:Creating metrics dataframe
2023-03-14 23:47:15,561:INFO:Uploading results into container
2023-03-14 23:47:15,561:INFO:Uploading model into container now
2023-03-14 23:47:15,561:INFO:create_model_container: 8
2023-03-14 23:47:15,562:INFO:master_model_container: 8
2023-03-14 23:47:15,562:INFO:display_container: 2
2023-03-14 23:47:15,562:INFO:QuadraticDiscriminantAnalysis(priors=None, reg_param=0.0,
                              store_covariance=False, tol=0.0001)
2023-03-14 23:47:15,562:INFO:create_model() succesfully completed......................................
2023-03-14 23:47:15,680:INFO:SubProcess create_model() end ==================================
2023-03-14 23:47:15,680:INFO:Creating metrics dataframe
2023-03-14 23:47:15,696:INFO:Initializing Ada Boost Classifier
2023-03-14 23:47:15,696:INFO:Total runtime is 0.1946220517158508 minutes
2023-03-14 23:47:15,703:INFO:SubProcess create_model() called ==================================
2023-03-14 23:47:15,704:INFO:Initializing create_model()
2023-03-14 23:47:15,704:INFO:create_model(estimator=ada, fold=StratifiedKFold(n_splits=10, random_state=None, shuffle=False), round=4, cross_validation=True, predict=True, fit_kwargs={}, groups=None, refit=False, verbose=False, system=False, metrics=None, experiment_custom_tags=None, add_to_model_list=True, probability_threshold=None, display=<pycaret.internal.Display.Display object at 0x00000224928E49D0>, return_train_score=False, kwargs={})
2023-03-14 23:47:15,704:INFO:Checking exceptions
2023-03-14 23:47:15,704:INFO:Importing libraries
2023-03-14 23:47:15,704:INFO:Copying training dataset
2023-03-14 23:47:15,705:INFO:Defining folds
2023-03-14 23:47:15,705:INFO:Declaring metric variables
2023-03-14 23:47:15,713:INFO:Importing untrained model
2023-03-14 23:47:15,721:INFO:Ada Boost Classifier Imported succesfully
2023-03-14 23:47:15,736:INFO:Starting cross validation
2023-03-14 23:47:15,736:INFO:Cross validating with StratifiedKFold(n_splits=10, random_state=None, shuffle=False), n_jobs=-1
2023-03-14 23:47:16,855:INFO:Calculating mean and std
2023-03-14 23:47:16,858:INFO:Creating metrics dataframe
2023-03-14 23:47:16,870:INFO:Uploading results into container
2023-03-14 23:47:16,871:INFO:Uploading model into container now
2023-03-14 23:47:16,871:INFO:create_model_container: 9
2023-03-14 23:47:16,871:INFO:master_model_container: 9
2023-03-14 23:47:16,871:INFO:display_container: 2
2023-03-14 23:47:16,872:INFO:AdaBoostClassifier(algorithm='SAMME.R', base_estimator=None, learning_rate=1.0,
                   n_estimators=50, random_state=42)
2023-03-14 23:47:16,872:INFO:create_model() succesfully completed......................................
2023-03-14 23:47:16,990:INFO:SubProcess create_model() end ==================================
2023-03-14 23:47:16,991:INFO:Creating metrics dataframe
2023-03-14 23:47:17,002:INFO:Initializing Gradient Boosting Classifier
2023-03-14 23:47:17,002:INFO:Total runtime is 0.21638344526290892 minutes
2023-03-14 23:47:17,011:INFO:SubProcess create_model() called ==================================
2023-03-14 23:47:17,012:INFO:Initializing create_model()
2023-03-14 23:47:17,012:INFO:create_model(estimator=gbc, fold=StratifiedKFold(n_splits=10, random_state=None, shuffle=False), round=4, cross_validation=True, predict=True, fit_kwargs={}, groups=None, refit=False, verbose=False, system=False, metrics=None, experiment_custom_tags=None, add_to_model_list=True, probability_threshold=None, display=<pycaret.internal.Display.Display object at 0x00000224928E49D0>, return_train_score=False, kwargs={})
2023-03-14 23:47:17,012:INFO:Checking exceptions
2023-03-14 23:47:17,012:INFO:Importing libraries
2023-03-14 23:47:17,012:INFO:Copying training dataset
2023-03-14 23:47:17,013:INFO:Defining folds
2023-03-14 23:47:17,013:INFO:Declaring metric variables
2023-03-14 23:47:17,020:INFO:Importing untrained model
2023-03-14 23:47:17,026:INFO:Gradient Boosting Classifier Imported succesfully
2023-03-14 23:47:17,038:INFO:Starting cross validation
2023-03-14 23:47:17,040:INFO:Cross validating with StratifiedKFold(n_splits=10, random_state=None, shuffle=False), n_jobs=-1
2023-03-14 23:47:19,939:INFO:Calculating mean and std
2023-03-14 23:47:19,941:INFO:Creating metrics dataframe
2023-03-14 23:47:19,948:INFO:Uploading results into container
2023-03-14 23:47:19,948:INFO:Uploading model into container now
2023-03-14 23:47:19,948:INFO:create_model_container: 10
2023-03-14 23:47:19,948:INFO:master_model_container: 10
2023-03-14 23:47:19,948:INFO:display_container: 2
2023-03-14 23:47:19,948:INFO:GradientBoostingClassifier(ccp_alpha=0.0, criterion='friedman_mse', init=None,
                           learning_rate=0.1, loss='deviance', max_depth=3,
                           max_features=None, max_leaf_nodes=None,
                           min_impurity_decrease=0.0, min_impurity_split=None,
                           min_samples_leaf=1, min_samples_split=2,
                           min_weight_fraction_leaf=0.0, n_estimators=100,
                           n_iter_no_change=None, presort='deprecated',
                           random_state=42, subsample=1.0, tol=0.0001,
                           validation_fraction=0.1, verbose=0,
                           warm_start=False)
2023-03-14 23:47:19,948:INFO:create_model() succesfully completed......................................
2023-03-14 23:47:20,061:INFO:SubProcess create_model() end ==================================
2023-03-14 23:47:20,062:INFO:Creating metrics dataframe
2023-03-14 23:47:20,071:INFO:Initializing Linear Discriminant Analysis
2023-03-14 23:47:20,071:INFO:Total runtime is 0.2675433993339538 minutes
2023-03-14 23:47:20,081:INFO:SubProcess create_model() called ==================================
2023-03-14 23:47:20,081:INFO:Initializing create_model()
2023-03-14 23:47:20,081:INFO:create_model(estimator=lda, fold=StratifiedKFold(n_splits=10, random_state=None, shuffle=False), round=4, cross_validation=True, predict=True, fit_kwargs={}, groups=None, refit=False, verbose=False, system=False, metrics=None, experiment_custom_tags=None, add_to_model_list=True, probability_threshold=None, display=<pycaret.internal.Display.Display object at 0x00000224928E49D0>, return_train_score=False, kwargs={})
2023-03-14 23:47:20,081:INFO:Checking exceptions
2023-03-14 23:47:20,081:INFO:Importing libraries
2023-03-14 23:47:20,082:INFO:Copying training dataset
2023-03-14 23:47:20,083:INFO:Defining folds
2023-03-14 23:47:20,083:INFO:Declaring metric variables
2023-03-14 23:47:20,090:INFO:Importing untrained model
2023-03-14 23:47:20,097:INFO:Linear Discriminant Analysis Imported succesfully
2023-03-14 23:47:20,113:INFO:Starting cross validation
2023-03-14 23:47:20,113:INFO:Cross validating with StratifiedKFold(n_splits=10, random_state=None, shuffle=False), n_jobs=-1
2023-03-14 23:47:20,754:INFO:Calculating mean and std
2023-03-14 23:47:20,755:INFO:Creating metrics dataframe
2023-03-14 23:47:20,761:INFO:Uploading results into container
2023-03-14 23:47:20,761:INFO:Uploading model into container now
2023-03-14 23:47:20,762:INFO:create_model_container: 11
2023-03-14 23:47:20,762:INFO:master_model_container: 11
2023-03-14 23:47:20,762:INFO:display_container: 2
2023-03-14 23:47:20,762:INFO:LinearDiscriminantAnalysis(n_components=None, priors=None, shrinkage=None,
                           solver='svd', store_covariance=False, tol=0.0001)
2023-03-14 23:47:20,762:INFO:create_model() succesfully completed......................................
2023-03-14 23:47:20,877:INFO:SubProcess create_model() end ==================================
2023-03-14 23:47:20,877:INFO:Creating metrics dataframe
2023-03-14 23:47:20,887:INFO:Initializing Extra Trees Classifier
2023-03-14 23:47:20,887:INFO:Total runtime is 0.28114115397135414 minutes
2023-03-14 23:47:20,896:INFO:SubProcess create_model() called ==================================
2023-03-14 23:47:20,896:INFO:Initializing create_model()
2023-03-14 23:47:20,896:INFO:create_model(estimator=et, fold=StratifiedKFold(n_splits=10, random_state=None, shuffle=False), round=4, cross_validation=True, predict=True, fit_kwargs={}, groups=None, refit=False, verbose=False, system=False, metrics=None, experiment_custom_tags=None, add_to_model_list=True, probability_threshold=None, display=<pycaret.internal.Display.Display object at 0x00000224928E49D0>, return_train_score=False, kwargs={})
2023-03-14 23:47:20,896:INFO:Checking exceptions
2023-03-14 23:47:20,896:INFO:Importing libraries
2023-03-14 23:47:20,896:INFO:Copying training dataset
2023-03-14 23:47:20,897:INFO:Defining folds
2023-03-14 23:47:20,898:INFO:Declaring metric variables
2023-03-14 23:47:20,903:INFO:Importing untrained model
2023-03-14 23:47:20,911:INFO:Extra Trees Classifier Imported succesfully
2023-03-14 23:47:20,923:INFO:Starting cross validation
2023-03-14 23:47:20,924:INFO:Cross validating with StratifiedKFold(n_splits=10, random_state=None, shuffle=False), n_jobs=-1
2023-03-14 23:47:21,943:INFO:Calculating mean and std
2023-03-14 23:47:21,944:INFO:Creating metrics dataframe
2023-03-14 23:47:21,953:INFO:Uploading results into container
2023-03-14 23:47:21,953:INFO:Uploading model into container now
2023-03-14 23:47:21,954:INFO:create_model_container: 12
2023-03-14 23:47:21,954:INFO:master_model_container: 12
2023-03-14 23:47:21,954:INFO:display_container: 2
2023-03-14 23:47:21,955:INFO:ExtraTreesClassifier(bootstrap=False, ccp_alpha=0.0, class_weight=None,
                     criterion='gini', max_depth=None, max_features='auto',
                     max_leaf_nodes=None, max_samples=None,
                     min_impurity_decrease=0.0, min_impurity_split=None,
                     min_samples_leaf=1, min_samples_split=2,
                     min_weight_fraction_leaf=0.0, n_estimators=100, n_jobs=-1,
                     oob_score=False, random_state=42, verbose=0,
                     warm_start=False)
2023-03-14 23:47:21,955:INFO:create_model() succesfully completed......................................
2023-03-14 23:47:22,084:INFO:SubProcess create_model() end ==================================
2023-03-14 23:47:22,085:INFO:Creating metrics dataframe
2023-03-14 23:47:22,096:INFO:Initializing Light Gradient Boosting Machine
2023-03-14 23:47:22,096:INFO:Total runtime is 0.3012901465098063 minutes
2023-03-14 23:47:22,103:INFO:SubProcess create_model() called ==================================
2023-03-14 23:47:22,103:INFO:Initializing create_model()
2023-03-14 23:47:22,104:INFO:create_model(estimator=lightgbm, fold=StratifiedKFold(n_splits=10, random_state=None, shuffle=False), round=4, cross_validation=True, predict=True, fit_kwargs={}, groups=None, refit=False, verbose=False, system=False, metrics=None, experiment_custom_tags=None, add_to_model_list=True, probability_threshold=None, display=<pycaret.internal.Display.Display object at 0x00000224928E49D0>, return_train_score=False, kwargs={})
2023-03-14 23:47:22,104:INFO:Checking exceptions
2023-03-14 23:47:22,104:INFO:Importing libraries
2023-03-14 23:47:22,104:INFO:Copying training dataset
2023-03-14 23:47:22,105:INFO:Defining folds
2023-03-14 23:47:22,105:INFO:Declaring metric variables
2023-03-14 23:47:22,113:INFO:Importing untrained model
2023-03-14 23:47:22,120:INFO:Light Gradient Boosting Machine Imported succesfully
2023-03-14 23:47:22,133:INFO:Starting cross validation
2023-03-14 23:47:22,134:INFO:Cross validating with StratifiedKFold(n_splits=10, random_state=None, shuffle=False), n_jobs=-1
2023-03-14 23:47:22,642:INFO:Calculating mean and std
2023-03-14 23:47:22,644:INFO:Creating metrics dataframe
2023-03-14 23:47:22,652:INFO:Uploading results into container
2023-03-14 23:47:22,653:INFO:Uploading model into container now
2023-03-14 23:47:22,653:INFO:create_model_container: 13
2023-03-14 23:47:22,653:INFO:master_model_container: 13
2023-03-14 23:47:22,653:INFO:display_container: 2
2023-03-14 23:47:22,655:INFO:LGBMClassifier(boosting_type='gbdt', class_weight=None, colsample_bytree=1.0,
               importance_type='split', learning_rate=0.1, max_depth=-1,
               min_child_samples=20, min_child_weight=0.001, min_split_gain=0.0,
               n_estimators=100, n_jobs=-1, num_leaves=31, objective=None,
               random_state=42, reg_alpha=0.0, reg_lambda=0.0, silent='warn',
               subsample=1.0, subsample_for_bin=200000, subsample_freq=0)
2023-03-14 23:47:22,655:INFO:create_model() succesfully completed......................................
2023-03-14 23:47:22,771:INFO:SubProcess create_model() end ==================================
2023-03-14 23:47:22,772:INFO:Creating metrics dataframe
2023-03-14 23:47:22,784:INFO:Initializing Dummy Classifier
2023-03-14 23:47:22,784:INFO:Total runtime is 0.31275115410486853 minutes
2023-03-14 23:47:22,791:INFO:SubProcess create_model() called ==================================
2023-03-14 23:47:22,791:INFO:Initializing create_model()
2023-03-14 23:47:22,791:INFO:create_model(estimator=dummy, fold=StratifiedKFold(n_splits=10, random_state=None, shuffle=False), round=4, cross_validation=True, predict=True, fit_kwargs={}, groups=None, refit=False, verbose=False, system=False, metrics=None, experiment_custom_tags=None, add_to_model_list=True, probability_threshold=None, display=<pycaret.internal.Display.Display object at 0x00000224928E49D0>, return_train_score=False, kwargs={})
2023-03-14 23:47:22,792:INFO:Checking exceptions
2023-03-14 23:47:22,792:INFO:Importing libraries
2023-03-14 23:47:22,792:INFO:Copying training dataset
2023-03-14 23:47:22,793:INFO:Defining folds
2023-03-14 23:47:22,794:INFO:Declaring metric variables
2023-03-14 23:47:22,800:INFO:Importing untrained model
2023-03-14 23:47:22,807:INFO:Dummy Classifier Imported succesfully
2023-03-14 23:47:22,822:INFO:Starting cross validation
2023-03-14 23:47:22,823:INFO:Cross validating with StratifiedKFold(n_splits=10, random_state=None, shuffle=False), n_jobs=-1
2023-03-14 23:47:23,029:INFO:Calculating mean and std
2023-03-14 23:47:23,030:INFO:Creating metrics dataframe
2023-03-14 23:47:23,036:INFO:Uploading results into container
2023-03-14 23:47:23,036:INFO:Uploading model into container now
2023-03-14 23:47:23,036:INFO:create_model_container: 14
2023-03-14 23:47:23,036:INFO:master_model_container: 14
2023-03-14 23:47:23,037:INFO:display_container: 2
2023-03-14 23:47:23,037:INFO:DummyClassifier(constant=None, random_state=42, strategy='prior')
2023-03-14 23:47:23,037:INFO:create_model() succesfully completed......................................
2023-03-14 23:47:23,152:INFO:SubProcess create_model() end ==================================
2023-03-14 23:47:23,152:INFO:Creating metrics dataframe
2023-03-14 23:47:23,180:INFO:Initializing create_model()
2023-03-14 23:47:23,180:INFO:create_model(estimator=KNeighborsClassifier(algorithm='auto', leaf_size=30, metric='minkowski',
                     metric_params=None, n_jobs=-1, n_neighbors=5, p=2,
                     weights='uniform'), fold=StratifiedKFold(n_splits=10, random_state=None, shuffle=False), round=4, cross_validation=False, predict=False, fit_kwargs={}, groups=None, refit=True, verbose=False, system=False, metrics=None, experiment_custom_tags=None, add_to_model_list=True, probability_threshold=None, display=None, return_train_score=False, kwargs={})
2023-03-14 23:47:23,180:INFO:Checking exceptions
2023-03-14 23:47:23,180:INFO:Importing libraries
2023-03-14 23:47:23,180:INFO:Copying training dataset
2023-03-14 23:47:23,181:INFO:Defining folds
2023-03-14 23:47:23,181:INFO:Declaring metric variables
2023-03-14 23:47:23,181:INFO:Importing untrained model
2023-03-14 23:47:23,181:INFO:Declaring custom model
2023-03-14 23:47:23,182:INFO:K Neighbors Classifier Imported succesfully
2023-03-14 23:47:23,182:INFO:Cross validation set to False
2023-03-14 23:47:23,182:INFO:Fitting Model
2023-03-14 23:47:23,271:INFO:KNeighborsClassifier(algorithm='auto', leaf_size=30, metric='minkowski',
                     metric_params=None, n_jobs=-1, n_neighbors=5, p=2,
                     weights='uniform')
2023-03-14 23:47:23,271:INFO:create_models() succesfully completed......................................
2023-03-14 23:47:23,403:INFO:create_model_container: 14
2023-03-14 23:47:23,403:INFO:master_model_container: 14
2023-03-14 23:47:23,403:INFO:display_container: 2
2023-03-14 23:47:23,404:INFO:KNeighborsClassifier(algorithm='auto', leaf_size=30, metric='minkowski',
                     metric_params=None, n_jobs=-1, n_neighbors=5, p=2,
                     weights='uniform')
2023-03-14 23:47:23,404:INFO:compare_models() succesfully completed......................................
